<?xml version="1.0" encoding="UTF-8"?>
<testng-results skipped="0" failed="1" ignored="0" total="1" passed="0">
  <reporter-output>
  </reporter-output>
  <suite name="Homepage" duration-ms="50600" started-at="2018-12-21T03:32:53Z" finished-at="2018-12-21T03:33:44Z">
    <groups>
    </groups>
    <test name="Test" duration-ms="50600" started-at="2018-12-21T03:32:53Z" finished-at="2018-12-21T03:33:44Z">
      <class name="com.mercuryTravel.tests.HomePageTests">
        <test-method status="PASS" signature="setup()[pri:0, instance:com.mercuryTravel.tests.HomePageTests@5c3bd550]" name="setup" is-config="true" duration-ms="42180" started-at="2018-12-21T03:32:53Z" finished-at="2018-12-21T03:33:36Z">
          <reporter-output>
          </reporter-output>
        </test-method> <!-- setup -->
        <test-method status="FAIL" signature="verifyLoginToApplication(java.lang.String, java.lang.String)[pri:0, instance:com.mercuryTravel.tests.HomePageTests@5c3bd550]" name="verifyLoginToApplication" duration-ms="5141" started-at="2018-12-21T03:33:36Z" finished-at="2018-12-21T03:33:41Z">
          <params>
            <param index="0">
              <value>
                <![CDATA[saurabh.d2106@gmail.com]]>
              </value>
            </param>
            <param index="1">
              <value>
                <![CDATA[Pro@1234]]>
              </value>
            </param>
          </params>
          <exception class="java.lang.AssertionError">
            <message>
              <![CDATA[expected [Welcome, Saurabh] but found [Welcome, Saurabh 1]]]>
            </message>
            <full-stacktrace>
              <![CDATA[java.lang.AssertionError: expected [Welcome, Saurabh] but found [Welcome, Saurabh 1]
at org.testng.Assert.fail(Assert.java:96)
at org.testng.Assert.failNotEquals(Assert.java:776)
at org.testng.Assert.assertEqualsImpl(Assert.java:137)
at org.testng.Assert.assertEquals(Assert.java:118)
at org.testng.Assert.assertEquals(Assert.java:453)
at org.testng.Assert.assertEquals(Assert.java:463)
at com.mercuryTravel.tests.HomePageTests.verifyLoginToApplication(HomePageTests.java:26)
at sun.reflect.NativeMethodAccessorImpl.invoke0(Native Method)
at sun.reflect.NativeMethodAccessorImpl.invoke(Unknown Source)
at sun.reflect.DelegatingMethodAccessorImpl.invoke(Unknown Source)
at java.lang.reflect.Method.invoke(Unknown Source)
at org.testng.internal.MethodInvocationHelper.invokeMethod(MethodInvocationHelper.java:124)
at org.testng.internal.Invoker.invokeMethod(Invoker.java:583)
at org.testng.internal.Invoker.invokeTestMethod(Invoker.java:719)
at org.testng.internal.Invoker.invokeTestMethods(Invoker.java:989)
at org.testng.internal.TestMethodWorker.invokeTestMethods(TestMethodWorker.java:125)
at org.testng.internal.TestMethodWorker.run(TestMethodWorker.java:109)
at org.testng.TestRunner.privateRun(TestRunner.java:648)
at org.testng.TestRunner.run(TestRunner.java:505)
at org.testng.SuiteRunner.runTest(SuiteRunner.java:455)
at org.testng.SuiteRunner.runSequentially(SuiteRunner.java:450)
at org.testng.SuiteRunner.privateRun(SuiteRunner.java:415)
at org.testng.SuiteRunner.run(SuiteRunner.java:364)
at org.testng.SuiteRunnerWorker.runSuite(SuiteRunnerWorker.java:52)
at org.testng.SuiteRunnerWorker.run(SuiteRunnerWorker.java:84)
at org.testng.TestNG.runSuitesSequentially(TestNG.java:1208)
at org.testng.TestNG.runSuitesLocally(TestNG.java:1137)
at org.testng.TestNG.runSuites(TestNG.java:1049)
at org.testng.TestNG.run(TestNG.java:1017)
at org.testng.remote.AbstractRemoteTestNG.run(AbstractRemoteTestNG.java:132)
at org.testng.remote.RemoteTestNG.initAndRun(RemoteTestNG.java:230)
at org.testng.remote.RemoteTestNG.main(RemoteTestNG.java:76)
]]>
            </full-stacktrace>
          </exception> <!-- java.lang.AssertionError -->
          <reporter-output>
          </reporter-output>
        </test-method> <!-- verifyLoginToApplication -->
        <test-method status="PASS" signature="afterAMethod(org.testng.ITestResult)[pri:0, instance:com.mercuryTravel.tests.HomePageTests@5c3bd550]" name="afterAMethod" is-config="true" duration-ms="1168" started-at="2018-12-21T03:33:41Z" finished-at="2018-12-21T03:33:42Z">
          <params>
            <param index="0">
              <value>
                <![CDATA[[TestResult name=verifyLoginToApplication status=FAILURE method=HomePageTests.verifyLoginToApplication(java.lang.String, java.lang.String)[pri:0, instance:com.mercuryTravel.tests.HomePageTests@5c3bd550] output={null}]]]>
              </value>
            </param>
          </params>
          <reporter-output>
          </reporter-output>
        </test-method> <!-- afterAMethod -->
        <test-method status="PASS" signature="cleanup()[pri:0, instance:com.mercuryTravel.tests.HomePageTests@5c3bd550]" name="cleanup" is-config="true" duration-ms="2020" started-at="2018-12-21T03:33:42Z" finished-at="2018-12-21T03:33:44Z">
          <reporter-output>
          </reporter-output>
        </test-method> <!-- cleanup -->
      </class> <!-- com.mercuryTravel.tests.HomePageTests -->
    </test> <!-- Test -->
  </suite> <!-- Homepage -->
</testng-results>
